[debug] [2022-05-22T14:26:40.711Z] ----------------------------------------------------------------------
[debug] [2022-05-22T14:26:40.712Z] Command:       C:\Program Files\nodejs\node.exe C:\Users\USER\AppData\Roaming\npm\node_modules\firebase-tools\lib\bin\firebase.js init
[debug] [2022-05-22T14:26:40.712Z] CLI Version:   11.0.0
[debug] [2022-05-22T14:26:40.712Z] Platform:      win32
[debug] [2022-05-22T14:26:40.713Z] Node Version:  v16.13.1
[debug] [2022-05-22T14:26:40.713Z] Time:          Sun May 22 2022 20:26:40 GMT+0600 (Bangladesh Standard Time)
[debug] [2022-05-22T14:26:40.713Z] ----------------------------------------------------------------------
[debug] 
[debug] [2022-05-22T14:26:40.715Z] >>> [apiv2][query] GET https://firebase-public.firebaseio.com/cli.json [none]
[debug] [2022-05-22T14:26:40.731Z] > command requires scopes: ["email","openid","https://www.googleapis.com/auth/cloudplatformprojects.readonly","https://www.googleapis.com/auth/firebase","https://www.googleapis.com/auth/cloud-platform"]
[debug] [2022-05-22T14:26:40.731Z] > authorizing via signed-in user (bdavijit01@gmail.com)
[info] 
     ######## #### ########  ######## ########     ###     ######  ########
     ##        ##  ##     ## ##       ##     ##  ##   ##  ##       ##
     ######    ##  ########  ######   ########  #########  ######  ######
     ##        ##  ##    ##  ##       ##     ## ##     ##       ## ##
     ##       #### ##     ## ######## ########  ##     ##  ######  ########

You're about to initialize a Firebase project in this directory:

  G:\batch5\project\12.0\biostar

[debug] [2022-05-22T14:26:41.744Z] <<< [apiv2][status] GET https://firebase-public.firebaseio.com/cli.json 200
[debug] [2022-05-22T14:26:41.744Z] <<< [apiv2][body] GET https://firebase-public.firebaseio.com/cli.json {"cloudBuildErrorAfter":1594252800000,"cloudBuildWarnAfter":1590019200000,"defaultNode10After":1594252800000,"minVersion":"3.0.5","node8DeploysDisabledAfter":1613390400000,"node8RuntimeDisabledAfter":1615809600000,"node8WarnAfter":1600128000000}
[debug] [2022-05-22T14:57:52.760Z] Error: kill ENOSYS
    at process.kill (node:internal/process/per_thread:215:13)
    at process.listener (C:\Users\USER\AppData\Roaming\npm\node_modules\firebase-tools\node_modules\signal-exit\index.js:95:15)
    at process.emit (node:events:390:28)
[error] 
[error] Error: An unexpected error has occurred.
